project2/music/app/build/intermediates/manifest_merge_blame_file/debug/manifest-merger-blame-debug-report.txt
1<?xml version="1.0" encoding="utf-8"?>
2<manifest xmlns:android="http://schemas.android.com/apk/res/android"
3    package="com.example.music"
4    android:versionCode="1"
5    android:versionName="1.0" >
6
7    <uses-sdk
8        android:minSdkVersion="16"
8-->src\main\AndroidManifest.xml
9        android:targetSdkVersion="30" />
9-->src\main\AndroidManifest.xml
10
11    <uses-permission android:name="android.permission.INTERNET" />
11-->src\main\AndroidManifest.xml:5:5-67
11-->src\main\AndroidManifest.xml:5:22-64
12
13    <application
13-->src\main\AndroidManifest.xml:7:5-27:19
14        android:allowBackup="true"
14-->src\main\AndroidManifest.xml:8:9-35
15        android:appComponentFactory="androidx.core.app.CoreComponentFactory"
15-->[androidx.core:core:1.3.1] AndroidManifest.xml:24:18-86
16        android:debuggable="true"
17        android:icon="@mipmap/ic_launcher"
17-->src\main\AndroidManifest.xml:9:9-43
18        android:label="@string/app_name"
18-->src\main\AndroidManifest.xml:10:9-41
19        android:roundIcon="@mipmap/ic_launcher_round"
19-->src\main\AndroidManifest.xml:11:9-54
20        android:supportsRtl="true"
20-->src\main\AndroidManifest.xml:12:9-35
21        android:testOnly="true"
22        android:theme="@style/Theme.Music" >
22-->src\main\AndroidManifest.xml:13:9-43
23        <activity android:name="com.example.music.Activity.PlayNhacActivity" />
23-->src\main\AndroidManifest.xml:14:9-72
23-->src\main\AndroidManifest.xml:14:19-60
24        <activity android:name="com.example.music.Activity.DanhSachAlbumActivity" />
24-->src\main\AndroidManifest.xml:15:9-68
24-->src\main\AndroidManifest.xml:15:19-65
25        <activity android:name="com.example.music.Activity.DanhSachTheLoaiTheoChuDeActivity" />
25-->src\main\AndroidManifest.xml:16:9-79
25-->src\main\AndroidManifest.xml:16:19-76
26        <activity android:name="com.example.music.Activity.DanhSachChuDeActivity" />
26-->src\main\AndroidManifest.xml:17:9-68
26-->src\main\AndroidManifest.xml:17:19-65
27        <activity android:name="com.example.music.Activity.DanhSachPlayListActivity" />
27-->src\main\AndroidManifest.xml:18:9-71
27-->src\main\AndroidManifest.xml:18:19-68
28        <activity android:name="com.example.music.Activity.DanhSachBaiHatActivity" />
28-->src\main\AndroidManifest.xml:19:9-69
28-->src\main\AndroidManifest.xml:19:19-66
29        <activity android:name="com.example.music.Activity.MainActivity" >
29-->src\main\AndroidManifest.xml:20:9-26:20
29-->src\main\AndroidManifest.xml:20:19-56
30            <intent-filter>
30-->src\main\AndroidManifest.xml:21:13-25:29
31                <action android:name="android.intent.action.MAIN" />
31-->src\main\AndroidManifest.xml:22:17-69
31-->src\main\AndroidManifest.xml:22:25-66
32
33                <category android:name="android.intent.category.LAUNCHER" />
33-->src\main\AndroidManifest.xml:24:17-77
33-->src\main\AndroidManifest.xml:24:27-74
34            </intent-filter>
35        </activity>
36    </application>
37
38</manifest>